2023-12-29T08:24:57.388176+00:00 INFO 'ansible_navigator.setup_logger' New ansible-navigator instance, logging initialized
2023-12-29T08:24:57.389330+00:00 INFO 'ansible_navigator.setup_logger' New ansible-runner instance, logging initialized
2023-12-29T08:24:57.389532+00:00 DEBUG 'ansible_navigator.main' Jinja2==3.0.3 
2023-12-29T08:24:57.389653+00:00 DEBUG 'ansible_navigator.main' MarkupSafe==2.1.0 
2023-12-29T08:24:57.389755+00:00 DEBUG 'ansible_navigator.main' PySocks==1.7.1 
2023-12-29T08:24:57.389848+00:00 DEBUG 'ansible_navigator.main' PyYAML==5.4.1 
2023-12-29T08:24:57.389940+00:00 DEBUG 'ansible_navigator.main' ansible-builder==3.0.0 
2023-12-29T08:24:57.390051+00:00 DEBUG 'ansible_navigator.main' ansible-core==2.15.8 
2023-12-29T08:24:57.390205+00:00 DEBUG 'ansible_navigator.main' ansible-navigator==3.4.1 
2023-12-29T08:24:57.390312+00:00 DEBUG 'ansible_navigator.main' ansible-runner==2.3.4 
2023-12-29T08:24:57.390410+00:00 DEBUG 'ansible_navigator.main' attrs==21.4.0 /usr/lib/python3.9/site-packages/attrs/__init__.py
2023-12-29T08:24:57.390509+00:00 DEBUG 'ansible_navigator.main' bindep==2.10.2 /usr/lib/python3.9/site-packages/bindep/__init__.py
2023-12-29T08:24:57.390606+00:00 DEBUG 'ansible_navigator.main' cffi==1.15.0 /usr/lib64/python3.9/site-packages/cffi/__init__.py
2023-12-29T08:24:57.390704+00:00 DEBUG 'ansible_navigator.main' chardet==4.0.0 /usr/lib/python3.9/site-packages/chardet/__init__.py
2023-12-29T08:24:57.390801+00:00 DEBUG 'ansible_navigator.main' cockpit==300.1 /usr/lib/python3.9/site-packages/cockpit/__init__.py
2023-12-29T08:24:57.390898+00:00 DEBUG 'ansible_navigator.main' cryptography==36.0.1 /usr/lib64/python3.9/site-packages/cryptography/__init__.py
2023-12-29T08:24:57.391012+00:00 DEBUG 'ansible_navigator.main' dasbus==1.4 /usr/lib/python3.9/site-packages/dasbus/__init__.py
2023-12-29T08:24:57.391099+00:00 DEBUG 'ansible_navigator.main' dbus-python==1.2.18 
2023-12-29T08:24:57.391236+00:00 DEBUG 'ansible_navigator.main' decorator==4.4.2 /usr/lib/python3.9/site-packages/decorator.py
2023-12-29T08:24:57.391325+00:00 DEBUG 'ansible_navigator.main' distro==1.5.0 /usr/lib/python3.9/site-packages/distro.py
2023-12-29T08:24:57.391413+00:00 DEBUG 'ansible_navigator.main' docutils==0.16 /usr/lib/python3.9/site-packages/docutils/__init__.py
2023-12-29T08:24:57.391500+00:00 DEBUG 'ansible_navigator.main' file-magic==0.4.0 
2023-12-29T08:24:57.391627+00:00 DEBUG 'ansible_navigator.main' idna==2.10 /usr/lib/python3.9/site-packages/idna/__init__.py
2023-12-29T08:24:57.391717+00:00 DEBUG 'ansible_navigator.main' importlib-metadata==4.10.1 
2023-12-29T08:24:57.391804+00:00 DEBUG 'ansible_navigator.main' importlib-resources==5.0.7 
2023-12-29T08:24:57.391890+00:00 DEBUG 'ansible_navigator.main' iniparse==0.4 /usr/lib/python3.9/site-packages/iniparse/__init__.py
2023-12-29T08:24:57.391976+00:00 DEBUG 'ansible_navigator.main' jsonschema==4.6.0 /usr/lib/python3.9/site-packages/jsonschema/__init__.py
2023-12-29T08:24:57.392062+00:00 DEBUG 'ansible_navigator.main' lockfile==0.12.2 /usr/lib/python3.9/site-packages/lockfile/__init__.py
2023-12-29T08:24:57.392193+00:00 DEBUG 'ansible_navigator.main' lxml==4.6.5 /usr/lib64/python3.9/site-packages/lxml/__init__.py
2023-12-29T08:24:57.392287+00:00 DEBUG 'ansible_navigator.main' onigurumacffi==1.1.0 /usr/lib64/python3.9/site-packages/onigurumacffi.py
2023-12-29T08:24:57.392373+00:00 DEBUG 'ansible_navigator.main' packaging==21.3 /usr/lib/python3.9/site-packages/packaging/__init__.py
2023-12-29T08:24:57.392460+00:00 DEBUG 'ansible_navigator.main' pbr==5.8.1 /usr/lib/python3.9/site-packages/pbr/__init__.py
2023-12-29T08:24:57.392546+00:00 DEBUG 'ansible_navigator.main' perf==0.1 /usr/lib64/python3.9/site-packages/perf.cpython-39-x86_64-linux-gnu.so
2023-12-29T08:24:57.392632+00:00 DEBUG 'ansible_navigator.main' psutil==5.8.0 /usr/lib64/python3.9/site-packages/psutil/__init__.py
2023-12-29T08:24:57.392718+00:00 DEBUG 'ansible_navigator.main' pycairo==1.20.1 
2023-12-29T08:24:57.392804+00:00 DEBUG 'ansible_navigator.main' pycparser==2.21 /usr/lib/python3.9/site-packages/pycparser/__init__.py
2023-12-29T08:24:57.392911+00:00 DEBUG 'ansible_navigator.main' pyinotify==0.9.6 /usr/lib/python3.9/site-packages/pyinotify.py
2023-12-29T08:24:57.393001+00:00 DEBUG 'ansible_navigator.main' pyparsing==2.4.7 /usr/lib/python3.9/site-packages/pyparsing.py
2023-12-29T08:24:57.393086+00:00 DEBUG 'ansible_navigator.main' pyrsistent==0.17.3 /usr/lib64/python3.9/site-packages/pyrsistent/__init__.py
2023-12-29T08:24:57.393219+00:00 DEBUG 'ansible_navigator.main' python-daemon==2.3.0 
2023-12-29T08:24:57.393308+00:00 DEBUG 'ansible_navigator.main' python-dateutil==2.8.1 
2023-12-29T08:24:57.393394+00:00 DEBUG 'ansible_navigator.main' python-linux-procfs==0.7.0 
2023-12-29T08:24:57.393479+00:00 DEBUG 'ansible_navigator.main' pyudev==0.22.0 /usr/lib/python3.9/site-packages/pyudev/__init__.py
2023-12-29T08:24:57.393605+00:00 DEBUG 'ansible_navigator.main' requests==2.25.1 /usr/lib/python3.9/site-packages/requests/__init__.py
2023-12-29T08:24:57.393820+00:00 DEBUG 'ansible_navigator.main' requirements-parser==0.2.0 
2023-12-29T08:24:57.394000+00:00 DEBUG 'ansible_navigator.main' resolvelib==0.5.4 /usr/lib/python3.9/site-packages/resolvelib/__init__.py
2023-12-29T08:24:57.394259+00:00 DEBUG 'ansible_navigator.main' selinux==3.5 /usr/lib64/python3.9/site-packages/selinux/__init__.py
2023-12-29T08:24:57.394443+00:00 DEBUG 'ansible_navigator.main' sepolicy==3.5 /usr/lib/python3.9/site-packages/sepolicy/__init__.py
2023-12-29T08:24:57.394546+00:00 DEBUG 'ansible_navigator.main' setools==4.4.3 /usr/lib64/python3.9/site-packages/setools/__init__.py
2023-12-29T08:24:57.394638+00:00 DEBUG 'ansible_navigator.main' setroubleshoot==3.3.32 /usr/lib/python3.9/site-packages/setroubleshoot/__init__.py
2023-12-29T08:24:57.394729+00:00 DEBUG 'ansible_navigator.main' setuptools==53.0.0 /usr/lib/python3.9/site-packages/setuptools/__init__.py
2023-12-29T08:24:57.394817+00:00 DEBUG 'ansible_navigator.main' six==1.15.0 /usr/lib/python3.9/site-packages/six.py
2023-12-29T08:24:57.394905+00:00 DEBUG 'ansible_navigator.main' sos==4.6.0 /usr/lib/python3.9/site-packages/sos/__init__.py
2023-12-29T08:24:57.394992+00:00 DEBUG 'ansible_navigator.main' subscription-manager==1.29.38 
2023-12-29T08:24:57.395078+00:00 DEBUG 'ansible_navigator.main' typing-extensions==3.10.0.2 
2023-12-29T08:24:57.395225+00:00 DEBUG 'ansible_navigator.main' urllib3==1.26.5 /usr/lib/python3.9/site-packages/urllib3/__init__.py
2023-12-29T08:24:57.395316+00:00 DEBUG 'ansible_navigator.main' zipp==3.4.0 /usr/lib/python3.9/site-packages/zipp.py
2023-12-29T08:24:57.395405+00:00 DEBUG 'ansible_navigator.main' Default collection_doc_cache_path set to: /home/ansible/.cache/ansible-navigator/collection_doc_cache.db
2023-12-29T08:24:57.395511+00:00 DEBUG 'ansible_navigator.main' EDITOR environment variable not set
2023-12-29T08:24:57.395659+00:00 DEBUG 'ansible_navigator.main' Default editor_command set to: vi +{line_number} {filename}
2023-12-29T08:24:57.395749+00:00 DEBUG 'ansible_navigator.main' No config file set by ANSIBLE_NAVIGATOR_CONFIG
2023-12-29T08:24:57.395836+00:00 DEBUG 'ansible_navigator.main' Looking in /home/ansible
2023-12-29T08:24:57.395921+00:00 DEBUG 'ansible_navigator.main' Looking for '/home/ansible/.ansible-navigator.yml', '/home/ansible/.ansible-navigator.yaml' and '/home/ansible/.ansible-navigator.json'
2023-12-29T08:24:57.396008+00:00 DEBUG 'ansible_navigator.main' Found 0: 
2023-12-29T08:24:57.396094+00:00 DEBUG 'ansible_navigator.main' Looking in /home/ansible
2023-12-29T08:24:57.396230+00:00 DEBUG 'ansible_navigator.main' Looking for '/home/ansible/ansible-navigator.yml', '/home/ansible/ansible-navigator.yaml' and '/home/ansible/ansible-navigator.json'
2023-12-29T08:24:57.396320+00:00 DEBUG 'ansible_navigator.main' Found 0: 
2023-12-29T08:24:57.396407+00:00 DEBUG 'ansible_navigator.main' All found 0: 
2023-12-29T08:24:57.396493+00:00 DEBUG 'ansible_navigator.main' Using: None
2023-12-29T08:24:57.396578+00:00 DEBUG 'ansible_navigator.main' No valid settings file found, using all default values for settings.
2023-12-29T08:24:57.396663+00:00 DEBUG 'ansible_navigator.main' Command provided: '-pp never'
2023-12-29T08:24:57.396789+00:00 WARNING 'ansible_navigator.main' Configuration errors encountered, rolling back to previous configuration.
2023-12-29T08:24:57.396880+00:00 DEBUG 'ansible_navigator.main' Prior to rollback: ansible_runner_artifact_dir = 'Not set' (Constants/Not set)
2023-12-29T08:24:57.396966+00:00 DEBUG 'ansible_navigator.main' Prior to rollback: ansible_runner_rotate_artifacts_count = 'Not set' (Constants/Not set)
2023-12-29T08:24:57.397050+00:00 DEBUG 'ansible_navigator.main' Prior to rollback: ansible_runner_timeout = 'Not set' (Constants/Not set)
2023-12-29T08:24:57.397179+00:00 DEBUG 'ansible_navigator.main' Prior to rollback: ansible_runner_write_job_events = 'False' (bool/Defaults)
2023-12-29T08:24:57.397271+00:00 DEBUG 'ansible_navigator.main' Prior to rollback: app = 'welcome' (str/Defaults)
2023-12-29T08:24:57.397357+00:00 DEBUG 'ansible_navigator.main' Prior to rollback: cmdline = '['-pp', 'never']' (list/Command line)
2023-12-29T08:24:57.397443+00:00 DEBUG 'ansible_navigator.main' Prior to rollback: collection_doc_cache_path = '/home/ansible/.cache/ansible-navigator/collection_doc_cache.db' (str/Defaults)
2023-12-29T08:24:57.397528+00:00 DEBUG 'ansible_navigator.main' Prior to rollback: config = 'Not set' (Constants/Not set)
2023-12-29T08:24:57.397613+00:00 DEBUG 'ansible_navigator.main' Prior to rollback: container_engine = 'auto' (str/Defaults)
2023-12-29T08:24:57.397698+00:00 DEBUG 'ansible_navigator.main' Prior to rollback: container_options = 'Not set' (Constants/Not set)
2023-12-29T08:24:57.397783+00:00 DEBUG 'ansible_navigator.main' Prior to rollback: display_color = 'True' (bool/Defaults)
2023-12-29T08:24:57.397867+00:00 DEBUG 'ansible_navigator.main' Prior to rollback: editor_command = 'vi +{line_number} {filename}' (str/Defaults)
2023-12-29T08:24:57.397951+00:00 DEBUG 'ansible_navigator.main' Prior to rollback: editor_console = 'True' (bool/Defaults)
2023-12-29T08:24:57.398035+00:00 DEBUG 'ansible_navigator.main' Prior to rollback: enable_prompts = 'False' (bool/Defaults)
2023-12-29T08:24:57.398188+00:00 DEBUG 'ansible_navigator.main' Prior to rollback: exec_command = '/bin/bash' (str/Defaults)
2023-12-29T08:24:57.398391+00:00 DEBUG 'ansible_navigator.main' Prior to rollback: exec_shell = 'True' (bool/Defaults)
2023-12-29T08:24:57.398496+00:00 DEBUG 'ansible_navigator.main' Prior to rollback: execution_environment = 'True' (bool/Defaults)
2023-12-29T08:24:57.398588+00:00 DEBUG 'ansible_navigator.main' Prior to rollback: execution_environment_image = 'registry.redhat.io/ansible-automation-platform-24/ee-supported-rhel8:latest' (str/Defaults)
2023-12-29T08:24:57.398679+00:00 DEBUG 'ansible_navigator.main' Prior to rollback: execution_environment_volume_mounts = 'Not set' (Constants/Not set)
2023-12-29T08:24:57.398767+00:00 DEBUG 'ansible_navigator.main' Prior to rollback: format = 'yaml' (str/Defaults)
2023-12-29T08:24:57.398854+00:00 DEBUG 'ansible_navigator.main' Prior to rollback: help_builder = 'False' (bool/Defaults)
2023-12-29T08:24:57.398942+00:00 DEBUG 'ansible_navigator.main' Prior to rollback: help_config = 'False' (bool/Defaults)
2023-12-29T08:24:57.399029+00:00 DEBUG 'ansible_navigator.main' Prior to rollback: help_doc = 'False' (bool/Defaults)
2023-12-29T08:24:57.399157+00:00 DEBUG 'ansible_navigator.main' Prior to rollback: help_inventory = 'False' (bool/Defaults)
2023-12-29T08:24:57.399258+00:00 DEBUG 'ansible_navigator.main' Prior to rollback: help_playbook = 'False' (bool/Defaults)
2023-12-29T08:24:57.399347+00:00 DEBUG 'ansible_navigator.main' Prior to rollback: images_details = '['everything']' (list/Defaults)
2023-12-29T08:24:57.399433+00:00 DEBUG 'ansible_navigator.main' Prior to rollback: inventory = 'Not set' (Constants/Not set)
2023-12-29T08:24:57.399520+00:00 DEBUG 'ansible_navigator.main' Prior to rollback: inventory_column = 'Not set' (Constants/Not set)
2023-12-29T08:24:57.399639+00:00 DEBUG 'ansible_navigator.main' Prior to rollback: lint_config = 'Not set' (Constants/Not set)
2023-12-29T08:24:57.399727+00:00 DEBUG 'ansible_navigator.main' Prior to rollback: lintables = 'Not set' (Constants/Not set)
2023-12-29T08:24:57.399829+00:00 DEBUG 'ansible_navigator.main' Prior to rollback: log_append = 'True' (bool/Defaults)
2023-12-29T08:24:57.399920+00:00 DEBUG 'ansible_navigator.main' Prior to rollback: log_file = '/home/ansible/ansible-navigator.log' (str/Defaults)
2023-12-29T08:24:57.400006+00:00 DEBUG 'ansible_navigator.main' Prior to rollback: log_level = 'warning' (str/Defaults)
2023-12-29T08:24:57.400091+00:00 DEBUG 'ansible_navigator.main' Prior to rollback: mode = 'interactive' (str/Defaults)
2023-12-29T08:24:57.400225+00:00 DEBUG 'ansible_navigator.main' Prior to rollback: osc4 = 'True' (bool/Defaults)
2023-12-29T08:24:57.400313+00:00 DEBUG 'ansible_navigator.main' Prior to rollback: pass_environment_variable = 'Not set' (Constants/Not set)
2023-12-29T08:24:57.400400+00:00 DEBUG 'ansible_navigator.main' Prior to rollback: playbook = 'Not set' (Constants/Not set)
2023-12-29T08:24:57.400486+00:00 DEBUG 'ansible_navigator.main' Prior to rollback: playbook_artifact_enable = 'True' (bool/Defaults)
2023-12-29T08:24:57.400572+00:00 DEBUG 'ansible_navigator.main' Prior to rollback: playbook_artifact_replay = 'Not set' (Constants/Not set)
2023-12-29T08:24:57.400657+00:00 DEBUG 'ansible_navigator.main' Prior to rollback: playbook_artifact_save_as = '{playbook_dir}/{playbook_name}-artifact-{time_stamp}.json' (str/Defaults)
2023-12-29T08:24:57.400744+00:00 DEBUG 'ansible_navigator.main' Prior to rollback: plugin_name = 'Not set' (Constants/Not set)
2023-12-29T08:24:57.400831+00:00 DEBUG 'ansible_navigator.main' Prior to rollback: plugin_type = 'module' (str/Defaults)
2023-12-29T08:24:57.400917+00:00 DEBUG 'ansible_navigator.main' Prior to rollback: pull_arguments = 'Not set' (Constants/Not set)
2023-12-29T08:24:57.401003+00:00 DEBUG 'ansible_navigator.main' Prior to rollback: pull_policy = 'tag' (str/Defaults)
2023-12-29T08:24:57.401088+00:00 DEBUG 'ansible_navigator.main' Prior to rollback: set_environment_variable = 'Not set' (Constants/Not set)
2023-12-29T08:24:57.401217+00:00 DEBUG 'ansible_navigator.main' Prior to rollback: settings_effective = 'False' (bool/Defaults)
2023-12-29T08:24:57.401307+00:00 DEBUG 'ansible_navigator.main' Prior to rollback: settings_sample = 'False' (bool/Defaults)
2023-12-29T08:24:57.401394+00:00 DEBUG 'ansible_navigator.main' Prior to rollback: settings_schema = 'json' (str/Defaults)
2023-12-29T08:24:57.401480+00:00 DEBUG 'ansible_navigator.main' Prior to rollback: settings_sources = 'False' (bool/Defaults)
2023-12-29T08:24:57.401566+00:00 DEBUG 'ansible_navigator.main' Prior to rollback: time_zone = 'UTC' (str/Defaults)
2023-12-29T08:24:57.401651+00:00 DEBUG 'ansible_navigator.main' Prior to rollback: workdir = '/home/ansible' (str/Defaults)
2023-12-29T08:24:57.401738+00:00 DEBUG 'ansible_navigator.main' After rollback: ansible_runner_artifact_dir = 'Not set' (Constants/Not set)
2023-12-29T08:24:57.401825+00:00 DEBUG 'ansible_navigator.main' After rollback: ansible_runner_rotate_artifacts_count = 'Not set' (Constants/Not set)
2023-12-29T08:24:57.401913+00:00 DEBUG 'ansible_navigator.main' After rollback: ansible_runner_timeout = 'Not set' (Constants/Not set)
2023-12-29T08:24:57.402000+00:00 DEBUG 'ansible_navigator.main' After rollback: ansible_runner_write_job_events = 'Not set' (Constants/Not set)
2023-12-29T08:24:57.402087+00:00 DEBUG 'ansible_navigator.main' After rollback: app = 'Not set' (Constants/Not set)
2023-12-29T08:24:57.402216+00:00 DEBUG 'ansible_navigator.main' After rollback: cmdline = 'Not set' (Constants/Not set)
2023-12-29T08:24:57.402303+00:00 DEBUG 'ansible_navigator.main' After rollback: collection_doc_cache_path = 'Not set' (Constants/Not set)
2023-12-29T08:24:57.402390+00:00 DEBUG 'ansible_navigator.main' After rollback: config = 'Not set' (Constants/Not set)
2023-12-29T08:24:57.402476+00:00 DEBUG 'ansible_navigator.main' After rollback: container_engine = 'Not set' (Constants/Not set)
2023-12-29T08:24:57.402563+00:00 DEBUG 'ansible_navigator.main' After rollback: container_options = 'Not set' (Constants/Not set)
2023-12-29T08:24:57.402663+00:00 DEBUG 'ansible_navigator.main' After rollback: display_color = 'Not set' (Constants/Not set)
2023-12-29T08:24:57.402751+00:00 DEBUG 'ansible_navigator.main' After rollback: editor_command = 'Not set' (Constants/Not set)
2023-12-29T08:24:57.402838+00:00 DEBUG 'ansible_navigator.main' After rollback: editor_console = 'Not set' (Constants/Not set)
2023-12-29T08:24:57.402923+00:00 DEBUG 'ansible_navigator.main' After rollback: enable_prompts = 'Not set' (Constants/Not set)
2023-12-29T08:24:57.403008+00:00 DEBUG 'ansible_navigator.main' After rollback: exec_command = 'Not set' (Constants/Not set)
2023-12-29T08:24:57.403093+00:00 DEBUG 'ansible_navigator.main' After rollback: exec_shell = 'Not set' (Constants/Not set)
2023-12-29T08:24:57.403225+00:00 DEBUG 'ansible_navigator.main' After rollback: execution_environment = 'Not set' (Constants/Not set)
2023-12-29T08:24:57.403314+00:00 DEBUG 'ansible_navigator.main' After rollback: execution_environment_image = 'Not set' (Constants/Not set)
2023-12-29T08:24:57.403400+00:00 DEBUG 'ansible_navigator.main' After rollback: execution_environment_volume_mounts = 'Not set' (Constants/Not set)
2023-12-29T08:24:57.403485+00:00 DEBUG 'ansible_navigator.main' After rollback: format = 'Not set' (Constants/Not set)
2023-12-29T08:24:57.403596+00:00 DEBUG 'ansible_navigator.main' After rollback: help_builder = 'Not set' (Constants/Not set)
2023-12-29T08:24:57.403685+00:00 DEBUG 'ansible_navigator.main' After rollback: help_config = 'Not set' (Constants/Not set)
2023-12-29T08:24:57.403772+00:00 DEBUG 'ansible_navigator.main' After rollback: help_doc = 'Not set' (Constants/Not set)
2023-12-29T08:24:57.403858+00:00 DEBUG 'ansible_navigator.main' After rollback: help_inventory = 'Not set' (Constants/Not set)
2023-12-29T08:24:57.403943+00:00 DEBUG 'ansible_navigator.main' After rollback: help_playbook = 'Not set' (Constants/Not set)
2023-12-29T08:24:57.404029+00:00 DEBUG 'ansible_navigator.main' After rollback: images_details = 'Not set' (Constants/Not set)
2023-12-29T08:24:57.404146+00:00 DEBUG 'ansible_navigator.main' After rollback: inventory = 'Not set' (Constants/Not set)
2023-12-29T08:24:57.404244+00:00 DEBUG 'ansible_navigator.main' After rollback: inventory_column = 'Not set' (Constants/Not set)
2023-12-29T08:24:57.404333+00:00 DEBUG 'ansible_navigator.main' After rollback: lint_config = 'Not set' (Constants/Not set)
2023-12-29T08:24:57.404419+00:00 DEBUG 'ansible_navigator.main' After rollback: lintables = 'Not set' (Constants/Not set)
2023-12-29T08:24:57.404505+00:00 DEBUG 'ansible_navigator.main' After rollback: log_append = 'Not set' (Constants/Not set)
2023-12-29T08:24:57.404591+00:00 DEBUG 'ansible_navigator.main' After rollback: log_file = 'Not set' (Constants/Not set)
2023-12-29T08:24:57.404678+00:00 DEBUG 'ansible_navigator.main' After rollback: log_level = 'Not set' (Constants/Not set)
2023-12-29T08:24:57.404763+00:00 DEBUG 'ansible_navigator.main' After rollback: mode = 'Not set' (Constants/Not set)
2023-12-29T08:24:57.404849+00:00 DEBUG 'ansible_navigator.main' After rollback: osc4 = 'Not set' (Constants/Not set)
2023-12-29T08:24:57.404935+00:00 DEBUG 'ansible_navigator.main' After rollback: pass_environment_variable = 'Not set' (Constants/Not set)
2023-12-29T08:24:57.405021+00:00 DEBUG 'ansible_navigator.main' After rollback: playbook = 'Not set' (Constants/Not set)
2023-12-29T08:24:57.405135+00:00 DEBUG 'ansible_navigator.main' After rollback: playbook_artifact_enable = 'Not set' (Constants/Not set)
2023-12-29T08:24:57.405236+00:00 DEBUG 'ansible_navigator.main' After rollback: playbook_artifact_replay = 'Not set' (Constants/Not set)
2023-12-29T08:24:57.405324+00:00 DEBUG 'ansible_navigator.main' After rollback: playbook_artifact_save_as = 'Not set' (Constants/Not set)
2023-12-29T08:24:57.405411+00:00 DEBUG 'ansible_navigator.main' After rollback: plugin_name = 'Not set' (Constants/Not set)
2023-12-29T08:24:57.405497+00:00 DEBUG 'ansible_navigator.main' After rollback: plugin_type = 'Not set' (Constants/Not set)
2023-12-29T08:24:57.405597+00:00 DEBUG 'ansible_navigator.main' After rollback: pull_arguments = 'Not set' (Constants/Not set)
2023-12-29T08:24:57.405686+00:00 DEBUG 'ansible_navigator.main' After rollback: pull_policy = 'Not set' (Constants/Not set)
2023-12-29T08:24:57.405773+00:00 DEBUG 'ansible_navigator.main' After rollback: set_environment_variable = 'Not set' (Constants/Not set)
2023-12-29T08:24:57.405920+00:00 DEBUG 'ansible_navigator.main' After rollback: settings_effective = 'Not set' (Constants/Not set)
2023-12-29T08:24:57.406088+00:00 DEBUG 'ansible_navigator.main' After rollback: settings_sample = 'Not set' (Constants/Not set)
2023-12-29T08:24:57.406250+00:00 DEBUG 'ansible_navigator.main' After rollback: settings_schema = 'Not set' (Constants/Not set)
2023-12-29T08:24:57.406345+00:00 DEBUG 'ansible_navigator.main' After rollback: settings_sources = 'Not set' (Constants/Not set)
2023-12-29T08:24:57.406470+00:00 DEBUG 'ansible_navigator.main' After rollback: time_zone = 'Not set' (Constants/Not set)
2023-12-29T08:24:57.406607+00:00 DEBUG 'ansible_navigator.main' After rollback: workdir = 'Not set' (Constants/Not set)
2023-12-29T08:24:57.406705+00:00 DEBUG 'ansible_navigator.main' Configuration rollback complete.
2023-12-29T08:24:57.406796+00:00 DEBUG 'ansible_navigator.main' Collection doc cache not mounted
2023-12-29T08:24:57.406917+00:00 WARNING 'ansible_navigator.main' Issues were found while applying the settings.
2023-12-29T08:24:57.407019+00:00 INFO 'ansible_navigator.main' Command provided: '-pp never'
2023-12-29T08:24:57.407173+00:00 ERROR 'ansible_navigator.main' argument {subcommand} --help: invalid choice: 'never' (choose from 'builder', 'collections', 'config', 'doc', 'exec', 'images', 'inventory', 'lint', 'replay', 'run', 'settings', 'welcome')
2023-12-29T08:24:57.407293+00:00 INFO 'ansible_navigator.main' Configuration failed, using default log file location. (/home/ansible/ansible-navigator.log) Log level set to debug
2023-12-29T08:24:57.407394+00:00 INFO 'ansible_navigator.main' Review the hints and log file to see what went wrong.
